NYK
2025-03-11T19:55:29.639	addShare	shareID: NYKM100925, shareType: Bonus, capacity: 200Status: Success, serverResponse: Successfully added 200 shares to (Bonus, NYKM100925)
2025-03-11T19:55:39.790	addShare	shareID: NYKE100925, shareType: Equity, capacity: 150Status: Success, serverResponse: Successfully added 150 shares to (Equity, NYKE100925)
2025-03-11T19:56:33.204	purchaseShare	buyerID: NYKA1234, shareID: NYKM100925, shareType: Bonus, shareCount: 125Status: Success, serverResponse: 
Successfully purchased 125 of (Bonus:NYKM100925) shares for the user NYKA1234

2025-03-11T19:57:15.437	swapShares	buyerID: NYKA1234, oldShareID: NYKM100925, oldShareType: Bonus, newShareID: TOKA100925, newShareType: EquityStatus: Success, serverResponse: The buyer does not have enough new shares to swap
2025-03-11T20:03:49.763	listShareAvailability	shareType: BonusStatus: Success, serverResponse: NYKM100925 75

No shares of type - Bonus found in server:LON
TOKM100925 100

2025-03-11T20:03:56.898	getShares	buyerID: NYKA1234Status: Success, serverResponse: Server: NYK

Server:NYK
Bonus
NYKM100925 : 125
Server: localhost

Server:LON
No shares of buyer - NYKA1234 found in server:LON
Server: localhost

Server:TOK
No shares of buyer - NYKA1234 found in server:TOK

2025-03-11T20:05:10.778	purchaseShare	buyerID: NYKA1234, shareID: TOKE100925, shareType: Dividend, shareCount: 125Status: Success, serverResponse: 
Successfully purchased 125 of (Dividend:TOKE100925) shares for the user NYKA1234

2025-03-11T20:05:10.779	sellShare	buyerID: NYKA1234, shareID: NYKM100925, shareCount: 125Status: Success, serverResponse: Shares available for the user are 125. So selling all shares available.
Successfully sold 125 of (NYKM100925) shares for the user NYKA1234
2025-03-11T20:05:10.779	swapShares	buyerID: NYKA1234, oldShareID: NYKM100925, oldShareType: Bonus, newShareID: TOKE100925, newShareType: DividendStatus: Success, serverResponse: 
Successfully purchased 125 of (Dividend:TOKE100925) shares for the user NYKA1234
Shares available for the user are 125. So selling all shares available.
Successfully sold 125 of (NYKM100925) shares for the user NYKA1234
2025-03-11T20:05:28.475	getShares	buyerID: NYKA1234Status: Success, serverResponse: Server: NYK

Server:NYK
Bonus
Server: localhost

Server:LON
No shares of buyer - NYKA1234 found in server:LON
Server: localhost

Server:TOK
Dividend
TOKE100925 : 125

2025-03-11T20:06:13.134	listShareAvailability	shareType: BonusStatus: Success, serverResponse: NYKM100925 200

No shares of type - Bonus found in server:LON
TOKM100925 100

2025-03-11T20:06:32.048	listShareAvailability	shareType: DividendStatus: Success, serverResponse: 
No shares of type - Dividend found in server:NYK

No shares of type - Dividend found in server:LON
TOKE100925 375

2025-03-11T20:06:50.694	getShares	buyerID: NYKA1234Status: Success, serverResponse: Server: NYK

Server:NYK
Bonus
Server: localhost

Server:LON
No shares of buyer - NYKA1234 found in server:LON
Server: localhost

Server:TOK
Dividend
TOKE100925 : 125

2025-03-11T20:07:13.647	swapShares	buyerID: NYKA1234, oldShareID: TOKE100925, oldShareType: Dividend, newShareID: NYKM200925, newShareType: BonusStatus: Success, serverResponse: The buyer does not have enough new shares to swap
2025-03-11T20:07:27.745	getShares	buyerID: NYKA1234Status: Success, serverResponse: Server: NYK

Server:NYK
Bonus
Server: localhost

Server:LON
No shares of buyer - NYKA1234 found in server:LON
Server: localhost

Server:TOK
Dividend
TOKE100925 : 125

