NYKA1234
2025-03-11T19:55:29.660	addShares	shareID: NYKM100925 shareType: Bonus capacity: 200 Result: Successfully added 200 shares to (Bonus, NYKM100925)
2025-03-11T19:55:39.791	addShares	shareID: NYKE100925 shareType: Equity capacity: 150 Result: Successfully added 150 shares to (Equity, NYKE100925)
2025-03-11T19:56:33.205	buyShares	shareID: NYKM100925 shareType: Bonus quantity: 125 Result: 
Successfully purchased 125 of (Bonus:NYKM100925) shares for the user NYKA1234

2025-03-11T19:57:15.440	swapShares	oldShareID: NYKM100925 oldShareType: Bonus newShareID: TOKA100925 newShareType: Equity Result: The buyer does not have enough new shares to swap
2025-03-11T20:03:49.767	listShareAvailability	shareType: Bonus Result: NYKM100925 75

No shares of type - Bonus found in server:LON
TOKM100925 100

2025-03-11T20:03:56.900	getShares	Result: Server: NYK

Server:NYK
Bonus
NYKM100925 : 125
Server: localhost

Server:LON
No shares of buyer - NYKA1234 found in server:LON
Server: localhost

Server:TOK
No shares of buyer - NYKA1234 found in server:TOK

2025-03-11T20:05:10.780	swapShares	oldShareID: NYKM100925 oldShareType: Bonus newShareID: TOKE100925 newShareType: Dividend Result: 
Successfully purchased 125 of (Dividend:TOKE100925) shares for the user NYKA1234
Shares available for the user are 125. So selling all shares available.
Successfully sold 125 of (NYKM100925) shares for the user NYKA1234
2025-03-11T20:05:28.476	getShares	Result: Server: NYK

Server:NYK
Bonus
Server: localhost

Server:LON
No shares of buyer - NYKA1234 found in server:LON
Server: localhost

Server:TOK
Dividend
TOKE100925 : 125

2025-03-11T20:06:13.136	listShareAvailability	shareType: Bonus Result: NYKM100925 200

No shares of type - Bonus found in server:LON
TOKM100925 100

2025-03-11T20:06:32.050	listShareAvailability	shareType: Dividend Result: 
No shares of type - Dividend found in server:NYK

No shares of type - Dividend found in server:LON
TOKE100925 375

2025-03-11T20:06:50.695	getShares	Result: Server: NYK

Server:NYK
Bonus
Server: localhost

Server:LON
No shares of buyer - NYKA1234 found in server:LON
Server: localhost

Server:TOK
Dividend
TOKE100925 : 125

2025-03-11T20:07:13.649	swapShares	oldShareID: TOKE100925 oldShareType: Dividend newShareID: NYKM200925 newShareType: Bonus Result: The buyer does not have enough new shares to swap
2025-03-11T20:07:27.747	getShares	Result: Server: NYK

Server:NYK
Bonus
Server: localhost

Server:LON
No shares of buyer - NYKA1234 found in server:LON
Server: localhost

Server:TOK
Dividend
TOKE100925 : 125

